--------------- Build Started: 08/20/2019 08:57:39 Project: Design01, Configuration: ARM GCC 5.4-2016-q2-update Debug ---------------
cydsfit.exe -.appdatapath "C:\Users\Samsung-1068\AppData\Local\Cypress Semiconductor\PSoC Creator\4.2" -.fdsnotice -.fdswarpdepfile=warp_dependencies.txt -.fdselabdepfile=elab_dependencies.txt -.fdsbldfile=generated_files.txt -.fdsreffile=referenced_files.txt -p "C:\Users\Samsung-1068\Downloads\ServoMotor Mano 3\Design01.cydsn\Design01.cyprj" -d CY8C4245AXI-483 -s "C:\Users\Samsung-1068\Downloads\ServoMotor Mano 3\Design01.cydsn\Generated_Source\PSoC4" -- -yv2 -q10 -ygs -o2 -v3 -.fftcfgtype=LE
Elaborating Design...
HDL Generation...
Synthesis...
Tech Mapping...
Analog Placement...
Analog Routing...
Analog Code Generation...
Digital Placement...
Digital Routing...
Bitstream Generation...
Bitstream Verification...
Static timing analysis...
API Generation...
Dependency Generation...
Cleanup...
arm-none-eabi-gcc.exe -mcpu=cortex-m0 -mthumb -I. -IGenerated_Source\PSoC4 -Wa,-alh=.\CortexM0\ARM_GCC_541\Debug/main.lst -g -D DEBUG -D CY_CORE_ID=0 -Wall -ffunction-sections -ffat-lto-objects -Og -c main.c -o .\CortexM0\ARM_GCC_541\Debug\main.o
main.c: In function 'main':
main.c:16:5: warning: implicit declaration of function 'PWM_Servo_Start' [-Wimplicit-function-declaration]
     PWM_Servo_Start();
     ^
main.c:17:5: warning: implicit declaration of function 'Clock_Start' [-Wimplicit-function-declaration]
     Clock_Start();
     ^
main.c:27:13: warning: implicit declaration of function 'PWM_Servo_WriteCompare' [-Wimplicit-function-declaration]
             PWM_Servo_WriteCompare(x);
             ^
main.c:30:13: warning: implicit declaration of function 'CyDelay' [-Wimplicit-function-declaration]
             CyDelay(400);
             ^
main.c:22:19: warning: unused variable 'z' [-Wunused-variable]
     int x=12000,y,z;
                   ^
arm-none-eabi-gcc.exe -mcpu=cortex-m0 -mthumb -I. -IGenerated_Source\PSoC4 -Wa,-alh=.\CortexM0\ARM_GCC_541\Debug/cybootloader.lst -g -D DEBUG -D CY_CORE_ID=0 -Wall -ffunction-sections -ffat-lto-objects -Og -c Generated_Source\PSoC4\cybootloader.c -o .\CortexM0\ARM_GCC_541\Debug\cybootloader.o
main.c:22:17: warning: variable 'y' set but not used [-Wunused-but-set-variable]
     int x=12000,y,z;
                 ^
arm-none-eabi-ar.exe -rs .\CortexM0\ARM_GCC_541\Debug\Design01.a .\CortexM0\ARM_GCC_541\Debug\PWM_Servo.o .\CortexM0\ARM_GCC_541\Debug\PWM_Servo_PM.o .\CortexM0\ARM_GCC_541\Debug\Clock.o .\CortexM0\ARM_GCC_541\Debug\CyFlash.o .\CortexM0\ARM_GCC_541\Debug\CyLib.o .\CortexM0\ARM_GCC_541\Debug\cyPm.o .\CortexM0\ARM_GCC_541\Debug\cyutils.o .\CortexM0\ARM_GCC_541\Debug\CyLFClk.o .\CortexM0\ARM_GCC_541\Debug\Bootloadable_1.o .\CortexM0\ARM_GCC_541\Debug\Senal_4.o .\CortexM0\ARM_GCC_541\Debug\Senal_4_PM.o .\CortexM0\ARM_GCC_541\Debug\cy_em_eeprom.o .\CortexM0\ARM_GCC_541\Debug\CyBootAsmGnu.o
arm-none-eabi-ar.exe: creating .\CortexM0\ARM_GCC_541\Debug\Design01.a
arm-none-eabi-gcc.exe -Wl,--start-group -o "C:\Users\Samsung-1068\Downloads\ServoMotor Mano 3\Design01.cydsn\CortexM0\ARM_GCC_541\Debug\Design01.elf" .\CortexM0\ARM_GCC_541\Debug\main.o .\CortexM0\ARM_GCC_541\Debug\cyfitter_cfg.o .\CortexM0\ARM_GCC_541\Debug\cymetadata.o .\CortexM0\ARM_GCC_541\Debug\Cm0Start.o .\CortexM0\ARM_GCC_541\Debug\cybootloader.o .\CortexM0\ARM_GCC_541\Debug\Design01.a -mcpu=cortex-m0 -mthumb -L Generated_Source\PSoC4 -Wl,-Map,.\CortexM0\ARM_GCC_541\Debug/Design01.map -T Generated_Source\PSoC4\cm0gcc.ld -specs=nano.specs -Wl,--gc-sections -g -ffunction-sections -Og -ffat-lto-objects -Wl,--end-group
cyelftool.exe -B "C:\Users\Samsung-1068\Downloads\ServoMotor Mano 3\Design01.cydsn\CortexM0\ARM_GCC_541\Debug\Design01.elf" --flash_row_size 128 --flash_size 32768 --flash_offset 0x00000000 --flash_array_size 32768
No ELF section .cychecksum found, creating one
Application checksum calculated and stored in ELF section .cychecksum
Checksum calculated and stored in ELF section .cymeta
cyelftool.exe -S "C:\Users\Samsung-1068\Downloads\ServoMotor Mano 3\Design01.cydsn\CortexM0\ARM_GCC_541\Debug\Design01.elf"
Flash used: 25336 of 32768 bytes (77.3 %). Bootloader: 22784 bytes. Application: 2424 bytes. Metadata: 128 bytes.
SRAM used: 1540 of 4096 bytes (37.6 %). Stack: 1024 bytes. Heap: 128 bytes.
--------------- Build Succeeded: 08/20/2019 08:58:22 ---------------
