Loading plugins phase: Elapsed time ==> 1s.019ms
<CYPRESSTAG name="CyDsfit arguments...">
cydsfit arguments: -.fdsnotice -.fdswarpdepfile=warp_dependencies.txt -.fdselabdepfile=elab_dependencies.txt -.fdsbldfile=generated_files.txt -.fdsreffile=referenced_files.txt -p C:\Users\Samsung-1068\Downloads\ServoMotor Mano 3\Design01.cydsn\Design01.cyprj -d CY8C4245AXI-483 -s C:\Users\Samsung-1068\Downloads\ServoMotor Mano 3\Design01.cydsn\Generated_Source\PSoC4 -- -yv2 -q10 -ygs -o2 -v3 -.fftcfgtype=LE
</CYPRESSTAG>
<CYPRESSTAG name="Design elaboration results...">
</CYPRESSTAG>
Elaboration phase: Elapsed time ==> 6s.095ms
<CYPRESSTAG name="HDL generation results...">
</CYPRESSTAG>
HDL generation phase: Elapsed time ==> 0s.295ms
<CYPRESSTAG name="Synthesis results...">

     | | | | | | |
   _________________
  -|               |-
  -|               |-
  -|               |-
  -|    CYPRESS    |-
  -|               |-
  -|               |-   Warp Verilog Synthesis Compiler: Version 6.3 IR 41
  -|               |-   Copyright (C) 1991-2001 Cypress Semiconductor
   |_______________|
     | | | | | | |

======================================================================
Compiling:  Design01.v
Program  :   C:\Program Files (x86)\Cypress\PSoC Creator\4.2\PSoC Creator\warp\bin\warp.exe
Options  :    -yv2 -q10 -ygs -o2 -v3 -.fftcfgtype=LE -ya -.fftprj=C:\Users\Samsung-1068\Downloads\ServoMotor Mano 3\Design01.cydsn\Design01.cyprj -dcpsoc3 Design01.v -verilog
======================================================================

======================================================================
Compiling:  Design01.v
Program  :   C:\Program Files (x86)\Cypress\PSoC Creator\4.2\PSoC Creator\warp\bin\warp.exe
Options  :    -yv2 -q10 -ygs -o2 -v3 -.fftcfgtype=LE -ya -.fftprj=C:\Users\Samsung-1068\Downloads\ServoMotor Mano 3\Design01.cydsn\Design01.cyprj -dcpsoc3 Design01.v -verilog
======================================================================

======================================================================
Compiling:  Design01.v
Program  :   vlogfe
Options  :    -yv2 -q10 -ygs -o2 -v3 -.fftcfgtype=LE -ya -.fftprj=C:\Users\Samsung-1068\Downloads\ServoMotor Mano 3\Design01.cydsn\Design01.cyprj -dcpsoc3 -verilog Design01.v
======================================================================

vlogfe V6.3 IR 41:  Verilog parser
Tue Aug 20 08:57:54 2019


======================================================================
Compiling:  Design01.v
Program  :   vpp
Options  :    -yv2 -q10 Design01.v
======================================================================

vpp V6.3 IR 41:  Verilog Pre-Processor
Tue Aug 20 08:57:54 2019

Flattening file 'C:\Program Files (x86)\Cypress\PSoC Creator\4.2\PSoC Creator\psoc\content\CyPrimitives\cyprimitives.cylib\cy_constant_v1_0\cy_constant_v1_0.v'
Flattening file 'C:\Program Files (x86)\Cypress\PSoC Creator\4.2\PSoC Creator\psoc\content\CyComponentLibrary\CyComponentLibrary.cylib\B_PWM_v3_30\B_PWM_v3_30.v'
Flattening file 'C:\Program Files (x86)\Cypress\PSoC Creator\4.2\PSoC Creator\warp\lib\common\cypress.v'
Flattening file 'C:\Program Files (x86)\Cypress\PSoC Creator\4.2\PSoC Creator\warp\lib\common\cy_psoc3_inc.v'
Flattening file 'C:\Program Files (x86)\Cypress\PSoC Creator\4.2\PSoC Creator\psoc\content\CyPrimitives\cyprimitives.cylib\cy_virtualmux_v1_0\cy_virtualmux_v1_0.v'
Flattening file 'C:\Program Files (x86)\Cypress\PSoC Creator\4.2\PSoC Creator\psoc\content\CyPrimitives\cyprimitives.cylib\or_v1_0\or_v1_0.v'
Flattening file 'C:\Program Files (x86)\Cypress\PSoC Creator\4.2\PSoC Creator\psoc\content\CyPrimitives\cyprimitives.cylib\ZeroTerminal\ZeroTerminal.v'

vpp:  No errors.

Library 'work' => directory 'lcpsoc3'
General_symbol_table
General_symbol_table
Linking 'C:\Program Files (x86)\Cypress\PSoC Creator\4.2\PSoC Creator\warp\lib\common\std.vhd'.
Linking 'C:\Program Files (x86)\Cypress\PSoC Creator\4.2\PSoC Creator\warp\lib\common\cypress.vhd'.
Linking 'C:\Program Files (x86)\Cypress\PSoC Creator\4.2\PSoC Creator\warp\lib\common\work\cypress.vif'.
Linking 'C:\Program Files (x86)\Cypress\PSoC Creator\4.2\PSoC Creator\warp\lib\ieee\work\stdlogic.vif'.
Linking 'C:\Program Files (x86)\Cypress\PSoC Creator\4.2\PSoC Creator\warp\lib\common\stdlogic\lpmpkg.vif'.
Linking 'C:\Program Files (x86)\Cypress\PSoC Creator\4.2\PSoC Creator\warp\lib\common\stdlogic\rtlpkg.vif'.
Linking 'C:\Program Files (x86)\Cypress\PSoC Creator\4.2\PSoC Creator\warp\lib\common\stdlogic\mod_cnst.vif'.
Linking 'C:\Program Files (x86)\Cypress\PSoC Creator\4.2\PSoC Creator\warp\lib\common\stdlogic\mod_mthv.vif'.
Linking 'C:\Program Files (x86)\Cypress\PSoC Creator\4.2\PSoC Creator\warp\lib\common\stdlogic\mod_genv.vif'.
Using control file 'Design01.ctl'.
C:\Program Files (x86)\Cypress\PSoC Creator\4.2\PSoC Creator\psoc\content\CyComponentLibrary\CyComponentLibrary.cylib\B_PWM_v3_30\B_PWM_v3_30.v (line 947, col 46):  Note: Substituting module 'sub_vi_vv' for '-'.
C:\Program Files (x86)\Cypress\PSoC Creator\4.2\PSoC Creator\psoc\content\CyComponentLibrary\CyComponentLibrary.cylib\B_PWM_v3_30\B_PWM_v3_30.v (line 977, col 46):  Note: Substituting module 'add_vi_vv' for '+'.
Linking 'C:\Program Files (x86)\Cypress\PSoC Creator\4.2\PSoC Creator\warp\lib\common\stdlogic\cy_psoc3pkg.vif'.
Linking 'C:\Program Files (x86)\Cypress\PSoC Creator\4.2\PSoC Creator\warp\lib\common\stdlogic\cy_psoc3.vif'.

vlogfe:  No errors.


======================================================================
Compiling:  Design01.v
Program  :   tovif
Options  :    -yv2 -q10 -ygs -o2 -v3 -.fftcfgtype=LE -ya -.fftprj=C:\Users\Samsung-1068\Downloads\ServoMotor Mano 3\Design01.cydsn\Design01.cyprj -dcpsoc3 -verilog Design01.v
======================================================================

tovif V6.3 IR 41:  High-level synthesis
Tue Aug 20 08:57:55 2019

Linking 'C:\Program Files (x86)\Cypress\PSoC Creator\4.2\PSoC Creator\warp\lib\common\std.vhd'.
Linking 'C:\Program Files (x86)\Cypress\PSoC Creator\4.2\PSoC Creator\warp\lib\common\cypress.vhd'.
Linking 'C:\Program Files (x86)\Cypress\PSoC Creator\4.2\PSoC Creator\warp\lib\common\work\cypress.vif'.
Linking 'C:\Program Files (x86)\Cypress\PSoC Creator\4.2\PSoC Creator\warp\lib\ieee\work\stdlogic.vif'.
Linking 'C:\Program Files (x86)\Cypress\PSoC Creator\4.2\PSoC Creator\warp\lib\common\stdlogic\lpmpkg.vif'.
Linking 'C:\Program Files (x86)\Cypress\PSoC Creator\4.2\PSoC Creator\warp\lib\common\stdlogic\rtlpkg.vif'.
Linking 'C:\Program Files (x86)\Cypress\PSoC Creator\4.2\PSoC Creator\warp\lib\common\stdlogic\mod_cnst.vif'.
Linking 'C:\Program Files (x86)\Cypress\PSoC Creator\4.2\PSoC Creator\warp\lib\common\stdlogic\mod_mthv.vif'.
Linking 'C:\Program Files (x86)\Cypress\PSoC Creator\4.2\PSoC Creator\warp\lib\common\stdlogic\mod_genv.vif'.
Linking 'C:\Users\Samsung-1068\Downloads\ServoMotor Mano 3\Design01.cydsn\codegentemp\Design01.ctl'.
Linking 'C:\Program Files (x86)\Cypress\PSoC Creator\4.2\PSoC Creator\psoc\content\CyPrimitives\cyprimitives.cylib\cy_constant_v1_0\cy_constant_v1_0.v'.
Linking 'C:\Users\Samsung-1068\Downloads\ServoMotor Mano 3\Design01.cydsn\codegentemp\Design01.v'.
Linking 'C:\Program Files (x86)\Cypress\PSoC Creator\4.2\PSoC Creator\psoc\content\CyComponentLibrary\CyComponentLibrary.cylib\B_PWM_v3_30\B_PWM_v3_30.v'.
Linking 'C:\Program Files (x86)\Cypress\PSoC Creator\4.2\PSoC Creator\warp\lib\common\cypress.v'.
Linking 'C:\Program Files (x86)\Cypress\PSoC Creator\4.2\PSoC Creator\warp\lib\common\cy_psoc3_inc.v'.
Linking 'C:\Program Files (x86)\Cypress\PSoC Creator\4.2\PSoC Creator\psoc\content\CyPrimitives\cyprimitives.cylib\cy_virtualmux_v1_0\cy_virtualmux_v1_0.v'.
Linking 'C:\Program Files (x86)\Cypress\PSoC Creator\4.2\PSoC Creator\psoc\content\CyPrimitives\cyprimitives.cylib\or_v1_0\or_v1_0.v'.
Linking 'C:\Program Files (x86)\Cypress\PSoC Creator\4.2\PSoC Creator\psoc\content\CyPrimitives\cyprimitives.cylib\ZeroTerminal\ZeroTerminal.v'.
Linking 'C:\Program Files (x86)\Cypress\PSoC Creator\4.2\PSoC Creator\warp\lib\common\stdlogic\cy_psoc3pkg.vif'.
Linking 'C:\Program Files (x86)\Cypress\PSoC Creator\4.2\PSoC Creator\warp\lib\common\stdlogic\cy_psoc3.vif'.
Linking 'C:\Program Files (x86)\Cypress\PSoC Creator\4.2\PSoC Creator\warp\lib\lcpsoc3\stdlogic\mod_cnst.vif'.

tovif:  No errors.


======================================================================
Compiling:  Design01.v
Program  :   topld
Options  :    -yv2 -q10 -ygs -o2 -v3 -.fftcfgtype=LE -ya -.fftprj=C:\Users\Samsung-1068\Downloads\ServoMotor Mano 3\Design01.cydsn\Design01.cyprj -dcpsoc3 -verilog Design01.v
======================================================================

topld V6.3 IR 41:  Synthesis and optimization
Tue Aug 20 08:57:57 2019

Linking 'C:\Program Files (x86)\Cypress\PSoC Creator\4.2\PSoC Creator\warp\lib\common\std.vhd'.
Linking 'C:\Program Files (x86)\Cypress\PSoC Creator\4.2\PSoC Creator\warp\lib\common\cypress.vhd'.
Linking 'C:\Program Files (x86)\Cypress\PSoC Creator\4.2\PSoC Creator\warp\lib\common\work\cypress.vif'.
Linking 'C:\Program Files (x86)\Cypress\PSoC Creator\4.2\PSoC Creator\warp\lib\ieee\work\stdlogic.vif'.
Linking 'C:\Program Files (x86)\Cypress\PSoC Creator\4.2\PSoC Creator\warp\lib\common\stdlogic\lpmpkg.vif'.
Linking 'C:\Program Files (x86)\Cypress\PSoC Creator\4.2\PSoC Creator\warp\lib\common\stdlogic\rtlpkg.vif'.
Linking 'C:\Program Files (x86)\Cypress\PSoC Creator\4.2\PSoC Creator\warp\lib\common\stdlogic\mod_cnst.vif'.
Linking 'C:\Program Files (x86)\Cypress\PSoC Creator\4.2\PSoC Creator\warp\lib\common\stdlogic\mod_mthv.vif'.
Linking 'C:\Program Files (x86)\Cypress\PSoC Creator\4.2\PSoC Creator\warp\lib\common\stdlogic\mod_genv.vif'.
Linking 'C:\Users\Samsung-1068\Downloads\ServoMotor Mano 3\Design01.cydsn\codegentemp\Design01.ctl'.
Linking 'C:\Program Files (x86)\Cypress\PSoC Creator\4.2\PSoC Creator\psoc\content\CyPrimitives\cyprimitives.cylib\cy_constant_v1_0\cy_constant_v1_0.v'.
Linking 'C:\Users\Samsung-1068\Downloads\ServoMotor Mano 3\Design01.cydsn\codegentemp\Design01.v'.
Linking 'C:\Program Files (x86)\Cypress\PSoC Creator\4.2\PSoC Creator\psoc\content\CyComponentLibrary\CyComponentLibrary.cylib\B_PWM_v3_30\B_PWM_v3_30.v'.
Linking 'C:\Program Files (x86)\Cypress\PSoC Creator\4.2\PSoC Creator\warp\lib\common\cypress.v'.
Linking 'C:\Program Files (x86)\Cypress\PSoC Creator\4.2\PSoC Creator\warp\lib\common\cy_psoc3_inc.v'.
Linking 'C:\Program Files (x86)\Cypress\PSoC Creator\4.2\PSoC Creator\psoc\content\CyPrimitives\cyprimitives.cylib\cy_virtualmux_v1_0\cy_virtualmux_v1_0.v'.
Linking 'C:\Program Files (x86)\Cypress\PSoC Creator\4.2\PSoC Creator\psoc\content\CyPrimitives\cyprimitives.cylib\or_v1_0\or_v1_0.v'.
Linking 'C:\Program Files (x86)\Cypress\PSoC Creator\4.2\PSoC Creator\psoc\content\CyPrimitives\cyprimitives.cylib\ZeroTerminal\ZeroTerminal.v'.
Linking 'C:\Program Files (x86)\Cypress\PSoC Creator\4.2\PSoC Creator\warp\lib\common\stdlogic\cy_psoc3pkg.vif'.
Linking 'C:\Program Files (x86)\Cypress\PSoC Creator\4.2\PSoC Creator\warp\lib\common\stdlogic\cy_psoc3.vif'.
Linking 'C:\Program Files (x86)\Cypress\PSoC Creator\4.2\PSoC Creator\warp\lib\lcpsoc3\stdlogic\mod_cnst.vif'.
Linking 'C:\Program Files (x86)\Cypress\PSoC Creator\4.2\PSoC Creator\warp\lib\lcpsoc3\stdlogic\cpsoc3.vif'.

----------------------------------------------------------
Detecting unused logic.
----------------------------------------------------------
    User names
	\PWM_Servo:PWMUDB:km_run\
	\PWM_Servo:PWMUDB:ctrl_cmpmode2_2\
	\PWM_Servo:PWMUDB:ctrl_cmpmode2_1\
	\PWM_Servo:PWMUDB:ctrl_cmpmode2_0\
	\PWM_Servo:PWMUDB:ctrl_cmpmode1_2\
	\PWM_Servo:PWMUDB:ctrl_cmpmode1_1\
	\PWM_Servo:PWMUDB:ctrl_cmpmode1_0\
	\PWM_Servo:PWMUDB:capt_rising\
	\PWM_Servo:PWMUDB:capt_falling\
	\PWM_Servo:PWMUDB:trig_rise\
	\PWM_Servo:PWMUDB:trig_fall\
	\PWM_Servo:PWMUDB:sc_kill\
	\PWM_Servo:PWMUDB:min_kill\
	\PWM_Servo:PWMUDB:db_tc\
	\PWM_Servo:PWMUDB:dith_sel\
	\PWM_Servo:PWMUDB:compare2\
	Net_18
	Net_267
	Net_20
	\PWM_Servo:PWMUDB:MODULE_1:b_31\
	\PWM_Servo:PWMUDB:MODULE_1:b_30\
	\PWM_Servo:PWMUDB:MODULE_1:b_29\
	\PWM_Servo:PWMUDB:MODULE_1:b_28\
	\PWM_Servo:PWMUDB:MODULE_1:b_27\
	\PWM_Servo:PWMUDB:MODULE_1:b_26\
	\PWM_Servo:PWMUDB:MODULE_1:b_25\
	\PWM_Servo:PWMUDB:MODULE_1:b_24\
	\PWM_Servo:PWMUDB:MODULE_1:b_23\
	\PWM_Servo:PWMUDB:MODULE_1:b_22\
	\PWM_Servo:PWMUDB:MODULE_1:b_21\
	\PWM_Servo:PWMUDB:MODULE_1:b_20\
	\PWM_Servo:PWMUDB:MODULE_1:b_19\
	\PWM_Servo:PWMUDB:MODULE_1:b_18\
	\PWM_Servo:PWMUDB:MODULE_1:b_17\
	\PWM_Servo:PWMUDB:MODULE_1:b_16\
	\PWM_Servo:PWMUDB:MODULE_1:b_15\
	\PWM_Servo:PWMUDB:MODULE_1:b_14\
	\PWM_Servo:PWMUDB:MODULE_1:b_13\
	\PWM_Servo:PWMUDB:MODULE_1:b_12\
	\PWM_Servo:PWMUDB:MODULE_1:b_11\
	\PWM_Servo:PWMUDB:MODULE_1:b_10\
	\PWM_Servo:PWMUDB:MODULE_1:b_9\
	\PWM_Servo:PWMUDB:MODULE_1:b_8\
	\PWM_Servo:PWMUDB:MODULE_1:b_7\
	\PWM_Servo:PWMUDB:MODULE_1:b_6\
	\PWM_Servo:PWMUDB:MODULE_1:b_5\
	\PWM_Servo:PWMUDB:MODULE_1:b_4\
	\PWM_Servo:PWMUDB:MODULE_1:b_3\
	\PWM_Servo:PWMUDB:MODULE_1:b_2\
	\PWM_Servo:PWMUDB:MODULE_1:b_1\
	\PWM_Servo:PWMUDB:MODULE_1:b_0\
	\PWM_Servo:PWMUDB:MODULE_1:g2:a0:a_31\
	\PWM_Servo:PWMUDB:MODULE_1:g2:a0:a_30\
	\PWM_Servo:PWMUDB:MODULE_1:g2:a0:a_29\
	\PWM_Servo:PWMUDB:MODULE_1:g2:a0:a_28\
	\PWM_Servo:PWMUDB:MODULE_1:g2:a0:a_27\
	\PWM_Servo:PWMUDB:MODULE_1:g2:a0:a_26\
	\PWM_Servo:PWMUDB:MODULE_1:g2:a0:a_25\
	\PWM_Servo:PWMUDB:MODULE_1:g2:a0:a_24\
	\PWM_Servo:PWMUDB:MODULE_1:g2:a0:b_31\
	\PWM_Servo:PWMUDB:MODULE_1:g2:a0:b_30\
	\PWM_Servo:PWMUDB:MODULE_1:g2:a0:b_29\
	\PWM_Servo:PWMUDB:MODULE_1:g2:a0:b_28\
	\PWM_Servo:PWMUDB:MODULE_1:g2:a0:b_27\
	\PWM_Servo:PWMUDB:MODULE_1:g2:a0:b_26\
	\PWM_Servo:PWMUDB:MODULE_1:g2:a0:b_25\
	\PWM_Servo:PWMUDB:MODULE_1:g2:a0:b_24\
	\PWM_Servo:PWMUDB:MODULE_1:g2:a0:b_23\
	\PWM_Servo:PWMUDB:MODULE_1:g2:a0:b_22\
	\PWM_Servo:PWMUDB:MODULE_1:g2:a0:b_21\
	\PWM_Servo:PWMUDB:MODULE_1:g2:a0:b_20\
	\PWM_Servo:PWMUDB:MODULE_1:g2:a0:b_19\
	\PWM_Servo:PWMUDB:MODULE_1:g2:a0:b_18\
	\PWM_Servo:PWMUDB:MODULE_1:g2:a0:b_17\
	\PWM_Servo:PWMUDB:MODULE_1:g2:a0:b_16\
	\PWM_Servo:PWMUDB:MODULE_1:g2:a0:b_15\
	\PWM_Servo:PWMUDB:MODULE_1:g2:a0:b_14\
	\PWM_Servo:PWMUDB:MODULE_1:g2:a0:b_13\
	\PWM_Servo:PWMUDB:MODULE_1:g2:a0:b_12\
	\PWM_Servo:PWMUDB:MODULE_1:g2:a0:b_11\
	\PWM_Servo:PWMUDB:MODULE_1:g2:a0:b_10\
	\PWM_Servo:PWMUDB:MODULE_1:g2:a0:b_9\
	\PWM_Servo:PWMUDB:MODULE_1:g2:a0:b_8\
	\PWM_Servo:PWMUDB:MODULE_1:g2:a0:b_7\
	\PWM_Servo:PWMUDB:MODULE_1:g2:a0:b_6\
	\PWM_Servo:PWMUDB:MODULE_1:g2:a0:b_5\
	\PWM_Servo:PWMUDB:MODULE_1:g2:a0:b_4\
	\PWM_Servo:PWMUDB:MODULE_1:g2:a0:b_3\
	\PWM_Servo:PWMUDB:MODULE_1:g2:a0:b_2\
	\PWM_Servo:PWMUDB:MODULE_1:g2:a0:b_1\
	\PWM_Servo:PWMUDB:MODULE_1:g2:a0:b_0\
	\PWM_Servo:PWMUDB:MODULE_1:g2:a0:s_31\
	\PWM_Servo:PWMUDB:MODULE_1:g2:a0:s_30\
	\PWM_Servo:PWMUDB:MODULE_1:g2:a0:s_29\
	\PWM_Servo:PWMUDB:MODULE_1:g2:a0:s_28\
	\PWM_Servo:PWMUDB:MODULE_1:g2:a0:s_27\
	\PWM_Servo:PWMUDB:MODULE_1:g2:a0:s_26\
	\PWM_Servo:PWMUDB:MODULE_1:g2:a0:s_25\
	\PWM_Servo:PWMUDB:MODULE_1:g2:a0:s_24\
	\PWM_Servo:PWMUDB:MODULE_1:g2:a0:s_23\
	\PWM_Servo:PWMUDB:MODULE_1:g2:a0:s_22\
	\PWM_Servo:PWMUDB:MODULE_1:g2:a0:s_21\
	\PWM_Servo:PWMUDB:MODULE_1:g2:a0:s_20\
	\PWM_Servo:PWMUDB:MODULE_1:g2:a0:s_19\
	\PWM_Servo:PWMUDB:MODULE_1:g2:a0:s_18\
	\PWM_Servo:PWMUDB:MODULE_1:g2:a0:s_17\
	\PWM_Servo:PWMUDB:MODULE_1:g2:a0:s_16\
	\PWM_Servo:PWMUDB:MODULE_1:g2:a0:s_15\
	\PWM_Servo:PWMUDB:MODULE_1:g2:a0:s_14\
	\PWM_Servo:PWMUDB:MODULE_1:g2:a0:s_13\
	\PWM_Servo:PWMUDB:MODULE_1:g2:a0:s_12\
	\PWM_Servo:PWMUDB:MODULE_1:g2:a0:s_11\
	\PWM_Servo:PWMUDB:MODULE_1:g2:a0:s_10\
	\PWM_Servo:PWMUDB:MODULE_1:g2:a0:s_9\
	\PWM_Servo:PWMUDB:MODULE_1:g2:a0:s_8\
	\PWM_Servo:PWMUDB:MODULE_1:g2:a0:s_7\
	\PWM_Servo:PWMUDB:MODULE_1:g2:a0:s_6\
	\PWM_Servo:PWMUDB:MODULE_1:g2:a0:s_5\
	\PWM_Servo:PWMUDB:MODULE_1:g2:a0:s_4\
	\PWM_Servo:PWMUDB:MODULE_1:g2:a0:s_3\
	\PWM_Servo:PWMUDB:MODULE_1:g2:a0:s_2\
	\PWM_Servo:PWMUDB:MODULE_1:g2:a0:g1:z1:s0:g1:u0:c_31\
	\PWM_Servo:PWMUDB:MODULE_1:g2:a0:g1:z1:s0:g1:u0:c_30\
	\PWM_Servo:PWMUDB:MODULE_1:g2:a0:g1:z1:s0:g1:u0:c_29\
	\PWM_Servo:PWMUDB:MODULE_1:g2:a0:g1:z1:s0:g1:u0:c_28\
	\PWM_Servo:PWMUDB:MODULE_1:g2:a0:g1:z1:s0:g1:u0:c_27\
	\PWM_Servo:PWMUDB:MODULE_1:g2:a0:g1:z1:s0:g1:u0:c_26\
	\PWM_Servo:PWMUDB:MODULE_1:g2:a0:g1:z1:s0:g1:u0:c_25\
	\PWM_Servo:Net_139\
	\PWM_Servo:Net_138\
	\PWM_Servo:Net_183\
	\PWM_Servo:Net_181\

    Synthesized names
	\PWM_Servo:PWMUDB:add_vi_vv_MODGEN_1_31\
	\PWM_Servo:PWMUDB:add_vi_vv_MODGEN_1_30\
	\PWM_Servo:PWMUDB:add_vi_vv_MODGEN_1_29\
	\PWM_Servo:PWMUDB:add_vi_vv_MODGEN_1_28\
	\PWM_Servo:PWMUDB:add_vi_vv_MODGEN_1_27\
	\PWM_Servo:PWMUDB:add_vi_vv_MODGEN_1_26\
	\PWM_Servo:PWMUDB:add_vi_vv_MODGEN_1_25\
	\PWM_Servo:PWMUDB:add_vi_vv_MODGEN_1_24\
	\PWM_Servo:PWMUDB:add_vi_vv_MODGEN_1_23\
	\PWM_Servo:PWMUDB:add_vi_vv_MODGEN_1_22\
	\PWM_Servo:PWMUDB:add_vi_vv_MODGEN_1_21\
	\PWM_Servo:PWMUDB:add_vi_vv_MODGEN_1_20\
	\PWM_Servo:PWMUDB:add_vi_vv_MODGEN_1_19\
	\PWM_Servo:PWMUDB:add_vi_vv_MODGEN_1_18\
	\PWM_Servo:PWMUDB:add_vi_vv_MODGEN_1_17\
	\PWM_Servo:PWMUDB:add_vi_vv_MODGEN_1_16\
	\PWM_Servo:PWMUDB:add_vi_vv_MODGEN_1_15\
	\PWM_Servo:PWMUDB:add_vi_vv_MODGEN_1_14\
	\PWM_Servo:PWMUDB:add_vi_vv_MODGEN_1_13\
	\PWM_Servo:PWMUDB:add_vi_vv_MODGEN_1_12\
	\PWM_Servo:PWMUDB:add_vi_vv_MODGEN_1_11\
	\PWM_Servo:PWMUDB:add_vi_vv_MODGEN_1_10\
	\PWM_Servo:PWMUDB:add_vi_vv_MODGEN_1_9\
	\PWM_Servo:PWMUDB:add_vi_vv_MODGEN_1_8\
	\PWM_Servo:PWMUDB:add_vi_vv_MODGEN_1_7\
	\PWM_Servo:PWMUDB:add_vi_vv_MODGEN_1_6\
	\PWM_Servo:PWMUDB:add_vi_vv_MODGEN_1_5\
	\PWM_Servo:PWMUDB:add_vi_vv_MODGEN_1_4\
	\PWM_Servo:PWMUDB:add_vi_vv_MODGEN_1_3\
	\PWM_Servo:PWMUDB:add_vi_vv_MODGEN_1_2\

Deleted 132 User equations/components.
Deleted 30 Synthesized equations/components.

------------------------------------------------------
Alias Detection
------------------------------------------------------
Aliasing zero to Net_35
Aliasing \PWM_Servo:Net_180\ to Net_35
Aliasing \PWM_Servo:PWMUDB:hwCapture\ to Net_35
Aliasing \PWM_Servo:Net_178\ to Net_35
Aliasing \PWM_Servo:PWMUDB:trig_out\ to one
Aliasing \PWM_Servo:PWMUDB:runmode_enable\\S\ to Net_35
Aliasing \PWM_Servo:Net_179\ to one
Aliasing \PWM_Servo:PWMUDB:ltch_kill_reg\\R\ to \PWM_Servo:PWMUDB:runmode_enable\\R\
Aliasing \PWM_Servo:PWMUDB:ltch_kill_reg\\S\ to Net_35
Aliasing \PWM_Servo:PWMUDB:km_tc\ to Net_35
Aliasing \PWM_Servo:PWMUDB:min_kill_reg\\R\ to \PWM_Servo:PWMUDB:runmode_enable\\R\
Aliasing \PWM_Servo:PWMUDB:min_kill_reg\\S\ to Net_35
Aliasing \PWM_Servo:PWMUDB:final_kill\ to one
Aliasing \PWM_Servo:PWMUDB:dith_count_1\\R\ to \PWM_Servo:PWMUDB:runmode_enable\\R\
Aliasing \PWM_Servo:PWMUDB:dith_count_1\\S\ to Net_35
Aliasing \PWM_Servo:PWMUDB:dith_count_0\\R\ to \PWM_Servo:PWMUDB:runmode_enable\\R\
Aliasing \PWM_Servo:PWMUDB:dith_count_0\\S\ to Net_35
Aliasing \PWM_Servo:PWMUDB:status_6\ to Net_35
Aliasing \PWM_Servo:PWMUDB:status_4\ to Net_35
Aliasing \PWM_Servo:PWMUDB:cmp2\ to Net_35
Aliasing \PWM_Servo:PWMUDB:cmp1_status_reg\\R\ to \PWM_Servo:PWMUDB:runmode_enable\\R\
Aliasing \PWM_Servo:PWMUDB:cmp1_status_reg\\S\ to Net_35
Aliasing \PWM_Servo:PWMUDB:cmp2_status_reg\\R\ to \PWM_Servo:PWMUDB:runmode_enable\\R\
Aliasing \PWM_Servo:PWMUDB:cmp2_status_reg\\S\ to Net_35
Aliasing \PWM_Servo:PWMUDB:final_kill_reg\\R\ to \PWM_Servo:PWMUDB:runmode_enable\\R\
Aliasing \PWM_Servo:PWMUDB:final_kill_reg\\S\ to Net_35
Aliasing \PWM_Servo:PWMUDB:cs_addr_0\ to \PWM_Servo:PWMUDB:runmode_enable\\R\
Aliasing \PWM_Servo:PWMUDB:pwm1_i\ to Net_35
Aliasing \PWM_Servo:PWMUDB:pwm2_i\ to Net_35
Aliasing \PWM_Servo:PWMUDB:MODULE_1:g2:a0:a_23\ to Net_35
Aliasing \PWM_Servo:PWMUDB:MODULE_1:g2:a0:a_22\ to Net_35
Aliasing \PWM_Servo:PWMUDB:MODULE_1:g2:a0:a_21\ to Net_35
Aliasing \PWM_Servo:PWMUDB:MODULE_1:g2:a0:a_20\ to Net_35
Aliasing \PWM_Servo:PWMUDB:MODULE_1:g2:a0:a_19\ to Net_35
Aliasing \PWM_Servo:PWMUDB:MODULE_1:g2:a0:a_18\ to Net_35
Aliasing \PWM_Servo:PWMUDB:MODULE_1:g2:a0:a_17\ to Net_35
Aliasing \PWM_Servo:PWMUDB:MODULE_1:g2:a0:a_16\ to Net_35
Aliasing \PWM_Servo:PWMUDB:MODULE_1:g2:a0:a_15\ to Net_35
Aliasing \PWM_Servo:PWMUDB:MODULE_1:g2:a0:a_14\ to Net_35
Aliasing \PWM_Servo:PWMUDB:MODULE_1:g2:a0:a_13\ to Net_35
Aliasing \PWM_Servo:PWMUDB:MODULE_1:g2:a0:a_12\ to Net_35
Aliasing \PWM_Servo:PWMUDB:MODULE_1:g2:a0:a_11\ to Net_35
Aliasing \PWM_Servo:PWMUDB:MODULE_1:g2:a0:a_10\ to Net_35
Aliasing \PWM_Servo:PWMUDB:MODULE_1:g2:a0:a_9\ to Net_35
Aliasing \PWM_Servo:PWMUDB:MODULE_1:g2:a0:a_8\ to Net_35
Aliasing \PWM_Servo:PWMUDB:MODULE_1:g2:a0:a_7\ to Net_35
Aliasing \PWM_Servo:PWMUDB:MODULE_1:g2:a0:a_6\ to Net_35
Aliasing \PWM_Servo:PWMUDB:MODULE_1:g2:a0:a_5\ to Net_35
Aliasing \PWM_Servo:PWMUDB:MODULE_1:g2:a0:a_4\ to Net_35
Aliasing \PWM_Servo:PWMUDB:MODULE_1:g2:a0:a_3\ to Net_35
Aliasing \PWM_Servo:PWMUDB:MODULE_1:g2:a0:a_2\ to Net_35
Aliasing \PWM_Servo:PWMUDB:MODULE_1:g2:a0:g1:z1:s0:g1:u0:b_0\ to one
Aliasing tmpOE__Senal_4_net_0 to one
Aliasing \PWM_Servo:PWMUDB:prevCompare1\\D\ to \PWM_Servo:PWMUDB:pwm_temp\
Aliasing \PWM_Servo:PWMUDB:tc_i_reg\\D\ to \PWM_Servo:PWMUDB:status_2\
Removing Lhs of wire \PWM_Servo:Net_68\[4] = Net_17[382]
Removing Lhs of wire zero[8] = Net_35[0]
Removing Lhs of wire \PWM_Servo:PWMUDB:ctrl_enable\[17] = \PWM_Servo:PWMUDB:control_7\[9]
Removing Lhs of wire \PWM_Servo:Net_180\[25] = Net_35[0]
Removing Lhs of wire \PWM_Servo:PWMUDB:hwCapture\[28] = Net_35[0]
Removing Lhs of wire \PWM_Servo:PWMUDB:hwEnable\[29] = \PWM_Servo:PWMUDB:control_7\[9]
Removing Lhs of wire \PWM_Servo:Net_178\[31] = Net_35[0]
Removing Lhs of wire \PWM_Servo:PWMUDB:trig_out\[34] = one[5]
Removing Lhs of wire \PWM_Servo:PWMUDB:runmode_enable\\R\[36] = \PWM_Servo:Net_186\[37]
Removing Lhs of wire \PWM_Servo:Net_186\[37] = Net_35[0]
Removing Lhs of wire \PWM_Servo:PWMUDB:runmode_enable\\S\[38] = Net_35[0]
Removing Lhs of wire \PWM_Servo:PWMUDB:final_enable\[39] = \PWM_Servo:PWMUDB:runmode_enable\[35]
Removing Lhs of wire \PWM_Servo:Net_179\[42] = one[5]
Removing Lhs of wire \PWM_Servo:PWMUDB:ltch_kill_reg\\R\[44] = Net_35[0]
Removing Lhs of wire \PWM_Servo:PWMUDB:ltch_kill_reg\\S\[45] = Net_35[0]
Removing Lhs of wire \PWM_Servo:PWMUDB:km_tc\[46] = Net_35[0]
Removing Lhs of wire \PWM_Servo:PWMUDB:min_kill_reg\\R\[47] = Net_35[0]
Removing Lhs of wire \PWM_Servo:PWMUDB:min_kill_reg\\S\[48] = Net_35[0]
Removing Lhs of wire \PWM_Servo:PWMUDB:final_kill\[51] = one[5]
Removing Lhs of wire \PWM_Servo:PWMUDB:add_vi_vv_MODGEN_1_1\[54] = \PWM_Servo:PWMUDB:MODULE_1:g2:a0:s_1\[341]
Removing Lhs of wire \PWM_Servo:PWMUDB:add_vi_vv_MODGEN_1_0\[56] = \PWM_Servo:PWMUDB:MODULE_1:g2:a0:s_0\[342]
Removing Lhs of wire \PWM_Servo:PWMUDB:dith_count_1\\R\[57] = Net_35[0]
Removing Lhs of wire \PWM_Servo:PWMUDB:dith_count_1\\S\[58] = Net_35[0]
Removing Lhs of wire \PWM_Servo:PWMUDB:dith_count_0\\R\[59] = Net_35[0]
Removing Lhs of wire \PWM_Servo:PWMUDB:dith_count_0\\S\[60] = Net_35[0]
Removing Lhs of wire \PWM_Servo:PWMUDB:status_6\[63] = Net_35[0]
Removing Rhs of wire \PWM_Servo:PWMUDB:status_5\[64] = \PWM_Servo:PWMUDB:final_kill_reg\[78]
Removing Lhs of wire \PWM_Servo:PWMUDB:status_4\[65] = Net_35[0]
Removing Rhs of wire \PWM_Servo:PWMUDB:status_3\[66] = \PWM_Servo:PWMUDB:fifo_full\[85]
Removing Rhs of wire \PWM_Servo:PWMUDB:status_1\[68] = \PWM_Servo:PWMUDB:cmp2_status_reg\[77]
Removing Rhs of wire \PWM_Servo:PWMUDB:status_0\[69] = \PWM_Servo:PWMUDB:cmp1_status_reg\[76]
Removing Lhs of wire \PWM_Servo:PWMUDB:cmp2_status\[74] = Net_35[0]
Removing Lhs of wire \PWM_Servo:PWMUDB:cmp2\[75] = Net_35[0]
Removing Lhs of wire \PWM_Servo:PWMUDB:cmp1_status_reg\\R\[79] = Net_35[0]
Removing Lhs of wire \PWM_Servo:PWMUDB:cmp1_status_reg\\S\[80] = Net_35[0]
Removing Lhs of wire \PWM_Servo:PWMUDB:cmp2_status_reg\\R\[81] = Net_35[0]
Removing Lhs of wire \PWM_Servo:PWMUDB:cmp2_status_reg\\S\[82] = Net_35[0]
Removing Lhs of wire \PWM_Servo:PWMUDB:final_kill_reg\\R\[83] = Net_35[0]
Removing Lhs of wire \PWM_Servo:PWMUDB:final_kill_reg\\S\[84] = Net_35[0]
Removing Lhs of wire \PWM_Servo:PWMUDB:cs_addr_2\[86] = \PWM_Servo:PWMUDB:tc_i\[41]
Removing Lhs of wire \PWM_Servo:PWMUDB:cs_addr_1\[87] = \PWM_Servo:PWMUDB:runmode_enable\[35]
Removing Lhs of wire \PWM_Servo:PWMUDB:cs_addr_0\[88] = Net_35[0]
Removing Lhs of wire \PWM_Servo:PWMUDB:compare1\[169] = \PWM_Servo:PWMUDB:cmp1_less\[140]
Removing Lhs of wire \PWM_Servo:PWMUDB:pwm1_i\[174] = Net_35[0]
Removing Lhs of wire \PWM_Servo:PWMUDB:pwm2_i\[176] = Net_35[0]
Removing Rhs of wire Net_27[179] = \PWM_Servo:PWMUDB:pwm_i_reg\[171]
Removing Lhs of wire \PWM_Servo:PWMUDB:pwm_temp\[182] = \PWM_Servo:PWMUDB:cmp1\[72]
Removing Lhs of wire \PWM_Servo:PWMUDB:MODULE_1:g2:a0:a_23\[223] = Net_35[0]
Removing Lhs of wire \PWM_Servo:PWMUDB:MODULE_1:g2:a0:a_22\[224] = Net_35[0]
Removing Lhs of wire \PWM_Servo:PWMUDB:MODULE_1:g2:a0:a_21\[225] = Net_35[0]
Removing Lhs of wire \PWM_Servo:PWMUDB:MODULE_1:g2:a0:a_20\[226] = Net_35[0]
Removing Lhs of wire \PWM_Servo:PWMUDB:MODULE_1:g2:a0:a_19\[227] = Net_35[0]
Removing Lhs of wire \PWM_Servo:PWMUDB:MODULE_1:g2:a0:a_18\[228] = Net_35[0]
Removing Lhs of wire \PWM_Servo:PWMUDB:MODULE_1:g2:a0:a_17\[229] = Net_35[0]
Removing Lhs of wire \PWM_Servo:PWMUDB:MODULE_1:g2:a0:a_16\[230] = Net_35[0]
Removing Lhs of wire \PWM_Servo:PWMUDB:MODULE_1:g2:a0:a_15\[231] = Net_35[0]
Removing Lhs of wire \PWM_Servo:PWMUDB:MODULE_1:g2:a0:a_14\[232] = Net_35[0]
Removing Lhs of wire \PWM_Servo:PWMUDB:MODULE_1:g2:a0:a_13\[233] = Net_35[0]
Removing Lhs of wire \PWM_Servo:PWMUDB:MODULE_1:g2:a0:a_12\[234] = Net_35[0]
Removing Lhs of wire \PWM_Servo:PWMUDB:MODULE_1:g2:a0:a_11\[235] = Net_35[0]
Removing Lhs of wire \PWM_Servo:PWMUDB:MODULE_1:g2:a0:a_10\[236] = Net_35[0]
Removing Lhs of wire \PWM_Servo:PWMUDB:MODULE_1:g2:a0:a_9\[237] = Net_35[0]
Removing Lhs of wire \PWM_Servo:PWMUDB:MODULE_1:g2:a0:a_8\[238] = Net_35[0]
Removing Lhs of wire \PWM_Servo:PWMUDB:MODULE_1:g2:a0:a_7\[239] = Net_35[0]
Removing Lhs of wire \PWM_Servo:PWMUDB:MODULE_1:g2:a0:a_6\[240] = Net_35[0]
Removing Lhs of wire \PWM_Servo:PWMUDB:MODULE_1:g2:a0:a_5\[241] = Net_35[0]
Removing Lhs of wire \PWM_Servo:PWMUDB:MODULE_1:g2:a0:a_4\[242] = Net_35[0]
Removing Lhs of wire \PWM_Servo:PWMUDB:MODULE_1:g2:a0:a_3\[243] = Net_35[0]
Removing Lhs of wire \PWM_Servo:PWMUDB:MODULE_1:g2:a0:a_2\[244] = Net_35[0]
Removing Lhs of wire \PWM_Servo:PWMUDB:MODULE_1:g2:a0:a_1\[245] = \PWM_Servo:PWMUDB:MODIN1_1\[246]
Removing Lhs of wire \PWM_Servo:PWMUDB:MODIN1_1\[246] = \PWM_Servo:PWMUDB:dith_count_1\[53]
Removing Lhs of wire \PWM_Servo:PWMUDB:MODULE_1:g2:a0:a_0\[247] = \PWM_Servo:PWMUDB:MODIN1_0\[248]
Removing Lhs of wire \PWM_Servo:PWMUDB:MODIN1_0\[248] = \PWM_Servo:PWMUDB:dith_count_0\[55]
Removing Lhs of wire \PWM_Servo:PWMUDB:MODULE_1:g2:a0:g1:z1:s0:g1:u0:c_0\[380] = one[5]
Removing Lhs of wire \PWM_Servo:PWMUDB:MODULE_1:g2:a0:g1:z1:s0:g1:u0:b_0\[381] = one[5]
Removing Lhs of wire tmpOE__Senal_4_net_0[390] = one[5]
Removing Lhs of wire \PWM_Servo:PWMUDB:prevCapture\\D\[396] = Net_35[0]
Removing Lhs of wire \PWM_Servo:PWMUDB:trig_last\\D\[397] = Net_35[0]
Removing Lhs of wire \PWM_Servo:PWMUDB:prevCompare1\\D\[403] = \PWM_Servo:PWMUDB:cmp1\[72]
Removing Lhs of wire \PWM_Servo:PWMUDB:cmp1_status_reg\\D\[404] = \PWM_Servo:PWMUDB:cmp1_status\[73]
Removing Lhs of wire \PWM_Servo:PWMUDB:cmp2_status_reg\\D\[405] = Net_35[0]
Removing Lhs of wire \PWM_Servo:PWMUDB:pwm_i_reg\\D\[407] = \PWM_Servo:PWMUDB:pwm_i\[172]
Removing Lhs of wire \PWM_Servo:PWMUDB:pwm1_i_reg\\D\[408] = Net_35[0]
Removing Lhs of wire \PWM_Servo:PWMUDB:pwm2_i_reg\\D\[409] = Net_35[0]
Removing Lhs of wire \PWM_Servo:PWMUDB:tc_i_reg\\D\[410] = \PWM_Servo:PWMUDB:status_2\[67]

------------------------------------------------------
Aliased 0 equations, 85 wires.
------------------------------------------------------

----------------------------------------------------------
Circuit simplification
----------------------------------------------------------

Substituting virtuals - pass 1:

Note:  Expanding virtual equation for 'Net_35' (cost = 0):
Net_35 <=  ('0') ;

Note:  Expanding virtual equation for 'one' (cost = 0):
one <=  ('1') ;

Note:  Expanding virtual equation for '\PWM_Servo:PWMUDB:cmp1\' (cost = 0):
\PWM_Servo:PWMUDB:cmp1\ <= (\PWM_Servo:PWMUDB:cmp1_less\);

Note:  Expanding virtual equation for '\PWM_Servo:PWMUDB:MODULE_1:g2:a0:g1:z1:s0:g1:u0:c_1\' (cost = 0):
\PWM_Servo:PWMUDB:MODULE_1:g2:a0:g1:z1:s0:g1:u0:c_1\ <= (\PWM_Servo:PWMUDB:dith_count_0\);

Note:  Expanding virtual equation for '\PWM_Servo:PWMUDB:MODULE_1:g2:a0:s_0\' (cost = 0):
\PWM_Servo:PWMUDB:MODULE_1:g2:a0:s_0\ <= (not \PWM_Servo:PWMUDB:dith_count_0\);

Note:  Expanding virtual equation for '\PWM_Servo:PWMUDB:MODULE_1:g2:a0:g1:z1:s0:g1:u0:c_17\' (cost = 0):
\PWM_Servo:PWMUDB:MODULE_1:g2:a0:g1:z1:s0:g1:u0:c_17\ <=  ('0') ;

Note:  Expanding virtual equation for '\PWM_Servo:PWMUDB:MODULE_1:g2:a0:g1:z1:s0:g1:u0:c_9\' (cost = 0):
\PWM_Servo:PWMUDB:MODULE_1:g2:a0:g1:z1:s0:g1:u0:c_9\ <=  ('0') ;

Note:  Expanding virtual equation for '\PWM_Servo:PWMUDB:MODULE_1:g2:a0:g1:z1:s0:g1:u0:c_2\' (cost = 0):
\PWM_Servo:PWMUDB:MODULE_1:g2:a0:g1:z1:s0:g1:u0:c_2\ <= ((\PWM_Servo:PWMUDB:dith_count_1\ and \PWM_Servo:PWMUDB:dith_count_0\));


Substituting virtuals - pass 2:

Note:  Expanding virtual equation for '\PWM_Servo:PWMUDB:MODULE_1:g2:a0:s_1\' (cost = 2):
\PWM_Servo:PWMUDB:MODULE_1:g2:a0:s_1\ <= ((not \PWM_Servo:PWMUDB:dith_count_0\ and \PWM_Servo:PWMUDB:dith_count_1\)
	OR (not \PWM_Servo:PWMUDB:dith_count_1\ and \PWM_Servo:PWMUDB:dith_count_0\));

Note:  Expanding virtual equation for '\PWM_Servo:PWMUDB:MODULE_1:g2:a0:g1:z1:s0:g1:u0:c_18\' (cost = 0):
\PWM_Servo:PWMUDB:MODULE_1:g2:a0:g1:z1:s0:g1:u0:c_18\ <=  ('0') ;

Note:  Expanding virtual equation for '\PWM_Servo:PWMUDB:MODULE_1:g2:a0:g1:z1:s0:g1:u0:c_10\' (cost = 0):
\PWM_Servo:PWMUDB:MODULE_1:g2:a0:g1:z1:s0:g1:u0:c_10\ <=  ('0') ;

Note:  Expanding virtual equation for '\PWM_Servo:PWMUDB:MODULE_1:g2:a0:g1:z1:s0:g1:u0:c_3\' (cost = 0):
\PWM_Servo:PWMUDB:MODULE_1:g2:a0:g1:z1:s0:g1:u0:c_3\ <=  ('0') ;


Substituting virtuals - pass 3:

Note:  Expanding virtual equation for '\PWM_Servo:PWMUDB:MODULE_1:g2:a0:g1:z1:s0:g1:u0:c_19\' (cost = 0):
\PWM_Servo:PWMUDB:MODULE_1:g2:a0:g1:z1:s0:g1:u0:c_19\ <=  ('0') ;

Note:  Expanding virtual equation for '\PWM_Servo:PWMUDB:MODULE_1:g2:a0:g1:z1:s0:g1:u0:c_11\' (cost = 0):
\PWM_Servo:PWMUDB:MODULE_1:g2:a0:g1:z1:s0:g1:u0:c_11\ <=  ('0') ;

Note:  Expanding virtual equation for '\PWM_Servo:PWMUDB:MODULE_1:g2:a0:g1:z1:s0:g1:u0:c_4\' (cost = 0):
\PWM_Servo:PWMUDB:MODULE_1:g2:a0:g1:z1:s0:g1:u0:c_4\ <=  ('0') ;


Substituting virtuals - pass 4:

Note:  Expanding virtual equation for '\PWM_Servo:PWMUDB:MODULE_1:g2:a0:g1:z1:s0:g1:u0:c_20\' (cost = 0):
\PWM_Servo:PWMUDB:MODULE_1:g2:a0:g1:z1:s0:g1:u0:c_20\ <=  ('0') ;

Note:  Expanding virtual equation for '\PWM_Servo:PWMUDB:MODULE_1:g2:a0:g1:z1:s0:g1:u0:c_12\' (cost = 0):
\PWM_Servo:PWMUDB:MODULE_1:g2:a0:g1:z1:s0:g1:u0:c_12\ <=  ('0') ;

Note:  Expanding virtual equation for '\PWM_Servo:PWMUDB:MODULE_1:g2:a0:g1:z1:s0:g1:u0:c_5\' (cost = 0):
\PWM_Servo:PWMUDB:MODULE_1:g2:a0:g1:z1:s0:g1:u0:c_5\ <=  ('0') ;


Substituting virtuals - pass 5:

Note:  Expanding virtual equation for '\PWM_Servo:PWMUDB:MODULE_1:g2:a0:g1:z1:s0:g1:u0:c_21\' (cost = 0):
\PWM_Servo:PWMUDB:MODULE_1:g2:a0:g1:z1:s0:g1:u0:c_21\ <=  ('0') ;

Note:  Expanding virtual equation for '\PWM_Servo:PWMUDB:MODULE_1:g2:a0:g1:z1:s0:g1:u0:c_13\' (cost = 0):
\PWM_Servo:PWMUDB:MODULE_1:g2:a0:g1:z1:s0:g1:u0:c_13\ <=  ('0') ;

Note:  Expanding virtual equation for '\PWM_Servo:PWMUDB:MODULE_1:g2:a0:g1:z1:s0:g1:u0:c_6\' (cost = 0):
\PWM_Servo:PWMUDB:MODULE_1:g2:a0:g1:z1:s0:g1:u0:c_6\ <=  ('0') ;


Substituting virtuals - pass 6:

Note:  Expanding virtual equation for '\PWM_Servo:PWMUDB:MODULE_1:g2:a0:g1:z1:s0:g1:u0:c_22\' (cost = 0):
\PWM_Servo:PWMUDB:MODULE_1:g2:a0:g1:z1:s0:g1:u0:c_22\ <=  ('0') ;

Note:  Expanding virtual equation for '\PWM_Servo:PWMUDB:MODULE_1:g2:a0:g1:z1:s0:g1:u0:c_14\' (cost = 0):
\PWM_Servo:PWMUDB:MODULE_1:g2:a0:g1:z1:s0:g1:u0:c_14\ <=  ('0') ;

Note:  Expanding virtual equation for '\PWM_Servo:PWMUDB:MODULE_1:g2:a0:g1:z1:s0:g1:u0:c_7\' (cost = 0):
\PWM_Servo:PWMUDB:MODULE_1:g2:a0:g1:z1:s0:g1:u0:c_7\ <=  ('0') ;


Substituting virtuals - pass 7:

Note:  Expanding virtual equation for '\PWM_Servo:PWMUDB:MODULE_1:g2:a0:g1:z1:s0:g1:u0:c_23\' (cost = 0):
\PWM_Servo:PWMUDB:MODULE_1:g2:a0:g1:z1:s0:g1:u0:c_23\ <=  ('0') ;

Note:  Expanding virtual equation for '\PWM_Servo:PWMUDB:MODULE_1:g2:a0:g1:z1:s0:g1:u0:c_15\' (cost = 0):
\PWM_Servo:PWMUDB:MODULE_1:g2:a0:g1:z1:s0:g1:u0:c_15\ <=  ('0') ;


Substituting virtuals - pass 8:


----------------------------------------------------------
Circuit simplification results:

	Expanded 26 signals.
	Turned 0 signals into soft nodes.
	Maximum default expansion cost was set at 3.
----------------------------------------------------------

------------------------------------------------------
Alias Detection
------------------------------------------------------
Aliasing \PWM_Servo:PWMUDB:final_capture\ to Net_35
Aliasing \PWM_Servo:PWMUDB:MODULE_1:g2:a0:g1:z1:s0:g1:u0:b_24\ to Net_35
Aliasing \PWM_Servo:PWMUDB:MODULE_1:g2:a0:g1:z1:s0:g1:u0:b_16\ to Net_35
Aliasing \PWM_Servo:PWMUDB:MODULE_1:g2:a0:g1:z1:s0:g1:u0:b_8\ to Net_35
Aliasing \PWM_Servo:PWMUDB:min_kill_reg\\D\ to one
Aliasing \PWM_Servo:PWMUDB:ltch_kill_reg\\D\ to one
Aliasing \PWM_Servo:PWMUDB:final_kill_reg\\D\ to Net_35
Removing Lhs of wire \PWM_Servo:PWMUDB:final_capture\[90] = Net_35[0]
Removing Lhs of wire \PWM_Servo:PWMUDB:MODULE_1:g2:a0:g1:z1:s0:g1:u0:b_24\[351] = Net_35[0]
Removing Lhs of wire \PWM_Servo:PWMUDB:MODULE_1:g2:a0:g1:z1:s0:g1:u0:b_16\[361] = Net_35[0]
Removing Lhs of wire \PWM_Servo:PWMUDB:MODULE_1:g2:a0:g1:z1:s0:g1:u0:b_8\[371] = Net_35[0]
Removing Lhs of wire \PWM_Servo:PWMUDB:min_kill_reg\\D\[395] = one[5]
Removing Lhs of wire \PWM_Servo:PWMUDB:runmode_enable\\D\[398] = \PWM_Servo:PWMUDB:control_7\[9]
Removing Lhs of wire \PWM_Servo:PWMUDB:ltch_kill_reg\\D\[400] = one[5]
Removing Lhs of wire \PWM_Servo:PWMUDB:final_kill_reg\\D\[406] = Net_35[0]

------------------------------------------------------
Aliased 0 equations, 8 wires.
------------------------------------------------------

----------------------------------------------------------
Circuit simplification
----------------------------------------------------------

Eliminating unused logic - pass 1:


Eliminating unused logic - pass 2:


Substituting virtuals - pass 1:


----------------------------------------------------------
Circuit simplification results:

	Expanded 0 signals.
	Turned 0 signals into soft nodes.
	Maximum default expansion cost was set at 3.
----------------------------------------------------------

topld:  No errors.

CYPRESS_DIR    : C:\Program Files (x86)\Cypress\PSoC Creator\4.2\PSoC Creator\warp
Warp Program   : C:\Program Files (x86)\Cypress\PSoC Creator\4.2\PSoC Creator\warp\bin\warp.exe
Warp Arguments : -yv2 -q10 -ygs -o2 -v3 -.fftcfgtype=LE -ya "-.fftprj=C:\Users\Samsung-1068\Downloads\ServoMotor Mano 3\Design01.cydsn\Design01.cyprj" -dcpsoc3 Design01.v -verilog
</CYPRESSTAG>
Warp synthesis phase: Elapsed time ==> 3s.446ms
<CYPRESSTAG name="Fitter results...">
<CYPRESSTAG name="Fitter startup details...">
cyp3fit: V4.2.0.641, Family: PSoC3, Started at: Tuesday, 20 August 2019 08:57:57
Options: -yv2 -q10 -ygs -o2 -v3 -.fftcfgtype=LE -ya -.fftprj=C:\Users\Samsung-1068\Downloads\ServoMotor Mano 3\Design01.cydsn\Design01.cyprj -d CY8C4245AXI-483 Design01.v -verilog
</CYPRESSTAG>
<CYPRESSTAG name="Design parsing">
Design parsing phase: Elapsed time ==> 0s.027ms
</CYPRESSTAG>
<CYPRESSTAG name="Tech Mapping">
<CYPRESSTAG name="Initial Mapping" icon="FILE_RPT_TECHM">
    Removed wire end \PWM_Servo:PWMUDB:MODULE_1:g2:a0:g1:z1:s0:g1:u0:c_24\ kept Net_35
    Removed wire end \PWM_Servo:PWMUDB:MODULE_1:g2:a0:g1:z1:s0:g1:u0:c_16\ kept Net_35
    Removed wire end \PWM_Servo:PWMUDB:MODULE_1:g2:a0:g1:z1:s0:g1:u0:c_8\ kept Net_35
    Converted constant MacroCell: \PWM_Servo:PWMUDB:prevCapture\ from registered to combinatorial
    Converted constant MacroCell: \PWM_Servo:PWMUDB:trig_last\ from registered to combinatorial
    Converted constant MacroCell: \PWM_Servo:PWMUDB:status_1\ from registered to combinatorial
    Converted constant MacroCell: \PWM_Servo:PWMUDB:status_5\ from registered to combinatorial
    Converted constant MacroCell: \PWM_Servo:PWMUDB:pwm1_i_reg\ from registered to combinatorial
    Converted constant MacroCell: \PWM_Servo:PWMUDB:pwm2_i_reg\ from registered to combinatorial

Removing unused cells resulting from optimization
Done removing unused cells.
<CYPRESSTAG name="Global Clock Selection" icon="FILE_RPT_TECHM">
    Digital Clock 0: Automatic-assigning  clock 'Clock'. Fanout=1, Signal=Net_17_digital
<CYPRESSTAG name="UDB Clock/Enable Remapping Results">
    UDB Clk/Enable \PWM_Servo:PWMUDB:clock_enable_block\: with output requested to be synchronous
        ClockIn: ClockGenBlock:m0s8clockgenblockcell.gen_clk_out_0 was determined to be a global clock that is synchronous to HFClk
        EnableIn: Constant 1 was determined to be synchronous to ClockIn
        ClockOut: ClockGenBlock:m0s8clockgenblockcell.gen_clk_out_0, EnableOut: Constant 1
</CYPRESSTAG>
</CYPRESSTAG>

Removing unused cells resulting from optimization
Done removing unused cells.

Removing unused cells resulting from optimization
Done removing unused cells.
<CYPRESSTAG name="Duplicate Macrocell detection">
</CYPRESSTAG>
</CYPRESSTAG>
<CYPRESSTAG name="Duplicate Macrocell detection">

Removing unused cells resulting from optimization
Done removing unused cells.
</CYPRESSTAG>
<CYPRESSTAG name="Design Equations" icon="FILE_RPT_EQUATION">

------------------------------------------------------------
Design Equations
------------------------------------------------------------
    <CYPRESSTAG name="Pin listing">

    ------------------------------------------------------------
    Pin listing
    ------------------------------------------------------------

    Pin : Name = Senal_4(0)
        Attributes:
            In Group/Port: True
            In Sync Option: AUTO
            Out Sync Option: NOSYNC
            Interrupt generated: False
            Interrupt mode: NONE
            Drive mode: CMOS_OUT
            VTrip: EITHER
            Slew: FAST
            Input Sync needed: False
            Output Sync needed: False
            SC shield enabled: False
            POR State: ANY
            LCD Mode: COMMON
            Register Mode: RegComb
            CaSense Mode: NEITHER
            Treat as pin: True
            Is OE Registered: False
            Uses Analog: False
            Can contain Digital: True
            Is SIO: False
            SIO Output Buf: NONREGULATED
            SIO Input Buf: SINGLE_ENDED
            SIO HiFreq: LOW
            SIO Hyst: DISABLED
            SIO Vtrip: MULTIPLIER_0_5
            SIO Multiplier Index: 0
            SIO RefSel: VCC_IO
            Required Capabilities: DIGITAL, ROUTABLE
            Initial Value: 1
            IO Voltage: 0
        PORT MAP (
            pa_out => Senal_4(0)__PA ,
            pin_input => Net_27 ,
            pad => Senal_4(0)_PAD );
        Properties:
        {
        }
    </CYPRESSTAG>
    <CYPRESSTAG name="Macrocell listing" icon="FILE_RPT_EQUATION">

    ------------------------------------------------------------
    Macrocell listing
    ------------------------------------------------------------

    MacroCell: Name=\PWM_Servo:PWMUDB:status_2\, Mode=(Combinatorial)
        Total # of inputs        : 2
        Total # of product terms : 1
            Clock Enable: True
        Main Equation            : 1 pterm
        (
              \PWM_Servo:PWMUDB:runmode_enable\ * \PWM_Servo:PWMUDB:tc_i\
        );
        Output = \PWM_Servo:PWMUDB:status_2\ (fanout=1)

    MacroCell: Name=\PWM_Servo:PWMUDB:runmode_enable\, Mode=(D-Register)
        Total # of inputs        : 1
        Total # of product terms : 1
        List of special equations: 
            Clock  = (Net_17_digital) => Global
            Clock Enable: True
        Main Equation            : 1 pterm
        (
              \PWM_Servo:PWMUDB:control_7\
        );
        Output = \PWM_Servo:PWMUDB:runmode_enable\ (fanout=4)

    MacroCell: Name=\PWM_Servo:PWMUDB:prevCompare1\, Mode=(D-Register)
        Total # of inputs        : 1
        Total # of product terms : 1
        List of special equations: 
            Clock  = (Net_17_digital) => Global
            Clock Enable: True
        Main Equation            : 1 pterm
        (
              \PWM_Servo:PWMUDB:cmp1_less\
        );
        Output = \PWM_Servo:PWMUDB:prevCompare1\ (fanout=1)

    MacroCell: Name=\PWM_Servo:PWMUDB:status_0\, Mode=(D-Register)
        Total # of inputs        : 2
        Total # of product terms : 1
        List of special equations: 
            Clock  = (Net_17_digital) => Global
            Clock Enable: True
        Main Equation            : 1 pterm
        (
              !\PWM_Servo:PWMUDB:prevCompare1\ * \PWM_Servo:PWMUDB:cmp1_less\
        );
        Output = \PWM_Servo:PWMUDB:status_0\ (fanout=1)

    MacroCell: Name=Net_27, Mode=(D-Register)
        Total # of inputs        : 2
        Total # of product terms : 1
        List of special equations: 
            Clock  = (Net_17_digital) => Global
            Clock Enable: True
        Main Equation            : 1 pterm
        (
              \PWM_Servo:PWMUDB:runmode_enable\ * 
              \PWM_Servo:PWMUDB:cmp1_less\
        );
        Output = Net_27 (fanout=1)
    </CYPRESSTAG>
    <CYPRESSTAG name="Datapath listing">

    ------------------------------------------------------------
    Datapath listing
    ------------------------------------------------------------

    datapathcell: Name =\PWM_Servo:PWMUDB:sP16:pwmdp:u0\
        PORT MAP (
            clock => Net_17_digital ,
            cs_addr_2 => \PWM_Servo:PWMUDB:tc_i\ ,
            cs_addr_1 => \PWM_Servo:PWMUDB:runmode_enable\ ,
            chain_out => \PWM_Servo:PWMUDB:sP16:pwmdp:carry\ );
        Properties:
        {
            a0_init = "00000000"
            a1_init = "00000000"
            ce0_sync = 1
            ce1_sync = 1
            cl0_sync = 1
            cl1_sync = 1
            cmsb_sync = 1
            co_msb_sync = 1
            cy_dpconfig = "0000000001000000000000001100000001000000010000000000000011000000000000001100000000000000110000000000000011000000000000001100000011111111000000001111111111111111101000000000000000000100000000000000000000011000"
            d0_init = "00000000"
            d1_init = "00000000"
            f0_blk_sync = 1
            f0_bus_sync = 1
            f1_blk_sync = 1
            f1_bus_sync = 1
            ff0_sync = 1
            ff1_sync = 1
            ov_msb_sync = 1
            so_sync = 1
            z0_sync = 1
            z1_sync = 1
        }
        Clock Polarity: Active High
        Clock Enable: True
        Next in chain : \PWM_Servo:PWMUDB:sP16:pwmdp:u1\

    datapathcell: Name =\PWM_Servo:PWMUDB:sP16:pwmdp:u1\
        PORT MAP (
            clock => Net_17_digital ,
            cs_addr_2 => \PWM_Servo:PWMUDB:tc_i\ ,
            cs_addr_1 => \PWM_Servo:PWMUDB:runmode_enable\ ,
            cl0_comb => \PWM_Servo:PWMUDB:cmp1_less\ ,
            z0_comb => \PWM_Servo:PWMUDB:tc_i\ ,
            f1_blk_stat_comb => \PWM_Servo:PWMUDB:status_3\ ,
            chain_in => \PWM_Servo:PWMUDB:sP16:pwmdp:carry\ );
        Properties:
        {
            a0_init = "00000000"
            a1_init = "00000000"
            ce0_sync = 1
            ce1_sync = 1
            cl0_sync = 1
            cl1_sync = 1
            cmsb_sync = 1
            co_msb_sync = 1
            cy_dpconfig = "0000000001000000000000001100000001000000010000000000000011000000000000001100000000000000110000000000000011000000000000001100000011111111000000001111111111111111101011110000000000000100000011110000000000011000"
            d0_init = "00000000"
            d1_init = "00000000"
            f0_blk_sync = 1
            f0_bus_sync = 1
            f1_blk_sync = 1
            f1_bus_sync = 1
            ff0_sync = 1
            ff1_sync = 1
            ov_msb_sync = 1
            so_sync = 1
            z0_sync = 1
            z1_sync = 1
        }
        Clock Polarity: Active High
        Clock Enable: True
        Previous in chain : \PWM_Servo:PWMUDB:sP16:pwmdp:u0\
    </CYPRESSTAG>
    <CYPRESSTAG name="Status register listing">
    </CYPRESSTAG>
    <CYPRESSTAG name="StatusI register listing">

    ------------------------------------------------------------
    StatusI register listing
    ------------------------------------------------------------

    statusicell: Name =\PWM_Servo:PWMUDB:genblk8:stsreg\
        PORT MAP (
            clock => Net_17_digital ,
            status_3 => \PWM_Servo:PWMUDB:status_3\ ,
            status_2 => \PWM_Servo:PWMUDB:status_2\ ,
            status_0 => \PWM_Servo:PWMUDB:status_0\ );
        Properties:
        {
            cy_force_order = 1
            cy_int_mask = "1111111"
            cy_md_select = "0100111"
        }
        Clock Polarity: Active High
        Clock Enable: True
    </CYPRESSTAG>
    <CYPRESSTAG name="Sync listing">
    </CYPRESSTAG>
    <CYPRESSTAG name="Control register listing">

    ------------------------------------------------------------
    Control register listing
    ------------------------------------------------------------

    controlcell: Name =\PWM_Servo:PWMUDB:genblk1:ctrlreg\
        PORT MAP (
            clock => Net_17_digital ,
            control_7 => \PWM_Servo:PWMUDB:control_7\ ,
            control_6 => \PWM_Servo:PWMUDB:control_6\ ,
            control_5 => \PWM_Servo:PWMUDB:control_5\ ,
            control_4 => \PWM_Servo:PWMUDB:control_4\ ,
            control_3 => \PWM_Servo:PWMUDB:control_3\ ,
            control_2 => \PWM_Servo:PWMUDB:control_2\ ,
            control_1 => \PWM_Servo:PWMUDB:control_1\ ,
            control_0 => \PWM_Servo:PWMUDB:control_0\ );
        Properties:
        {
            cy_ctrl_mode_0 = "11111111"
            cy_ctrl_mode_1 = "00000000"
            cy_ext_reset = 0
            cy_force_order = 1
            cy_init_value = "00000000"
        }
        Clock Polarity: Active High
        Clock Enable: True
    </CYPRESSTAG>
    <CYPRESSTAG name="Count7 listing">
    </CYPRESSTAG>
    <CYPRESSTAG name="DRQ listing">
    </CYPRESSTAG>
    <CYPRESSTAG name="Interrupt listing">
    </CYPRESSTAG>
</CYPRESSTAG>
<CYPRESSTAG name="Technology mapping summary" expanded>

------------------------------------------------------------
Technology mapping summary
------------------------------------------------------------

Resource Type                 : Used : Free :  Max :  % Used
============================================================
Digital Clocks                :    1 :    3 :    4 : 25.00 %
Interrupts                    :    0 :   32 :   32 :  0.00 %
IO                            :    3 :   33 :   36 :  8.33 %
Segment LCD                   :    0 :    1 :    1 :  0.00 %
CapSense                      :    0 :    1 :    1 :  0.00 %
Die Temp                      :    0 :    1 :    1 :  0.00 %
Serial Communication (SCB)    :    0 :    2 :    2 :  0.00 %
Timer/Counter/PWM             :    0 :    4 :    4 :  0.00 %
UDB                           :      :      :      :        
  Macrocells                  :    5 :   27 :   32 : 15.63 %
  Unique P-terms              :    5 :   59 :   64 :  7.81 %
  Total P-terms               :    5 :      :      :        
  Datapath Cells              :    2 :    2 :    4 : 50.00 %
  Status Cells                :    1 :    3 :    4 : 25.00 %
    StatusI Registers         :    1 :      :      :        
  Control Cells               :    1 :    3 :    4 : 25.00 %
    Control Registers         :    1 :      :      :        
Comparator/Opamp              :    0 :    2 :    2 :  0.00 %
LP Comparator                 :    0 :    2 :    2 :  0.00 %
SAR ADC                       :    0 :    1 :    1 :  0.00 %
DAC                           :      :      :      :        
  7-bit IDAC                  :    0 :    1 :    1 :  0.00 %
  8-bit IDAC                  :    0 :    1 :    1 :  0.00 %
</CYPRESSTAG>
Technology Mapping: Elapsed time ==> 0s.334ms
Tech Mapping phase: Elapsed time ==> 0s.500ms
</CYPRESSTAG>
<CYPRESSTAG name="Analog Placement">
<CYPRESSTAG name="FFB & IO Pre Placement">
<CYPRESSTAG name="Placement" icon="FILE_RPT_PLACEMENT">

Cell                                : Block                              
=========================================================================
Senal_4(0)                          : [IOP=(0)][IoId=(3)]                
ClockGenBlock                       : CLK_GEN_[FFB(CLK_GEN,0)]           

</CYPRESSTAG>
</CYPRESSTAG>
<CYPRESSTAG name="Real Analog Placement">
Elapsed time ==> 0.6332527s
</CYPRESSTAG>
Analog Placement phase: Elapsed time ==> 1s.357ms
</CYPRESSTAG>
<CYPRESSTAG name="Analog Routing">
<CYPRESSTAG name="Analog Routing">
Route success=True, Iterations=1 Elapsed=0.0020562 secs
</CYPRESSTAG>
Analog Routing phase: Elapsed time ==> 0s.024ms
</CYPRESSTAG>
<CYPRESSTAG name="Analog Code Generation">
============ Analog Final Answer Routes ============
Dump of CyAnalogRoutingResultsDB
Map of net to items {
}
Map of item to net {
}
Mux Info {
}
Analog Code Generation phase: Elapsed time ==> 0s.178ms
</CYPRESSTAG>
<CYPRESSTAG name="Digital Placement">
<CYPRESSTAG name="Detailed placement messages">
I2076: Total run-time: 1.5 sec.

</CYPRESSTAG>
<CYPRESSTAG name="PLD Packing">
<CYPRESSTAG name="PLD Packing Summary" expanded>

------------------------------------------------------------
PLD Packing Summary
------------------------------------------------------------
            Resource Type : Used : Free :  Max :  % Used
    ====================================================
                     PLDs :    2 :    6 :    8 :  25.00%

<CYPRESSTAG name="PLD Statistics">

        PLD Resource Type :     Average/LAB
    =======================================
                   Inputs :            3.00
                   Pterms :            2.50
               Macrocells :            2.50
</CYPRESSTAG>
<CYPRESSTAG name="Packed PLD Contents">
Packed PLD Contents not displayed at this verbose level.</CYPRESSTAG>
</CYPRESSTAG>
PLD Packing: Elapsed time ==> 0s.004ms
</CYPRESSTAG>
<CYPRESSTAG name="Partitioning">
<CYPRESSTAG name="Initial Partitioning Summary">
Initial Partitioning Summary not displayed at this verbose level.</CYPRESSTAG>
<CYPRESSTAG name="Final Partitioning Summary">
Final Partitioning Summary not displayed at this verbose level.</CYPRESSTAG>
Partitioning: Elapsed time ==> 0s.043ms
</CYPRESSTAG>
<CYPRESSTAG name="Final Placement Summary">

------------------------------------------------------------
Final Placement Summary
------------------------------------------------------------

       Resource Type :      Count : Avg Inputs : Avg Outputs
    ========================================================
                 UDB :          2 :       2.50 :       2.50
<CYPRESSTAG name="Final Placement Details">
<CYPRESSTAG name="Component Details">

------------------------------------------------------------
Component Placement Details
------------------------------------------------------------
UDB [UDB=(0,0)] contents:
LAB@[UDB=(0,0)][LB=0] #macrocells=4, #inputs=4, #pterms=4
{
    [McSlotId=0]:     MacroCell: Name=\PWM_Servo:PWMUDB:runmode_enable\, Mode=(D-Register) @ [UDB=(0,0)][LB=0][MC=0]
        Total # of inputs        : 1
        Total # of product terms : 1
        List of special equations: 
            Clock  = (Net_17_digital) => Global
            Clock Enable: True
        Main Equation            : 1 pterm
        (
              \PWM_Servo:PWMUDB:control_7\
        );
        Output = \PWM_Servo:PWMUDB:runmode_enable\ (fanout=4)
        Properties               : 
        {
        }

    [McSlotId=1]:     MacroCell: Name=\PWM_Servo:PWMUDB:status_2\, Mode=(Combinatorial) @ [UDB=(0,0)][LB=0][MC=1]
        Total # of inputs        : 2
        Total # of product terms : 1
            Clock Enable: True
        Main Equation            : 1 pterm
        (
              \PWM_Servo:PWMUDB:runmode_enable\ * \PWM_Servo:PWMUDB:tc_i\
        );
        Output = \PWM_Servo:PWMUDB:status_2\ (fanout=1)
        Properties               : 
        {
        }

    [McSlotId=2]:     MacroCell: Name=Net_27, Mode=(D-Register) @ [UDB=(0,0)][LB=0][MC=2]
        Total # of inputs        : 2
        Total # of product terms : 1
        List of special equations: 
            Clock  = (Net_17_digital) => Global
            Clock Enable: True
        Main Equation            : 1 pterm
        (
              \PWM_Servo:PWMUDB:runmode_enable\ * 
              \PWM_Servo:PWMUDB:cmp1_less\
        );
        Output = Net_27 (fanout=1)
        Properties               : 
        {
        }

    [McSlotId=3]:     MacroCell: Name=\PWM_Servo:PWMUDB:prevCompare1\, Mode=(D-Register) @ [UDB=(0,0)][LB=0][MC=3]
        Total # of inputs        : 1
        Total # of product terms : 1
        List of special equations: 
            Clock  = (Net_17_digital) => Global
            Clock Enable: True
        Main Equation            : 1 pterm
        (
              \PWM_Servo:PWMUDB:cmp1_less\
        );
        Output = \PWM_Servo:PWMUDB:prevCompare1\ (fanout=1)
        Properties               : 
        {
        }
}

LAB@[UDB=(0,0)][LB=1] #macrocells=1, #inputs=2, #pterms=1
{
    [McSlotId=0]:     MacroCell: Name=\PWM_Servo:PWMUDB:status_0\, Mode=(D-Register) @ [UDB=(0,0)][LB=1][MC=0]
        Total # of inputs        : 2
        Total # of product terms : 1
        List of special equations: 
            Clock  = (Net_17_digital) => Global
            Clock Enable: True
        Main Equation            : 1 pterm
        (
              !\PWM_Servo:PWMUDB:prevCompare1\ * \PWM_Servo:PWMUDB:cmp1_less\
        );
        Output = \PWM_Servo:PWMUDB:status_0\ (fanout=1)
        Properties               : 
        {
        }

    [McSlotId=1]: (empty)
    [McSlotId=2]: (empty)
    [McSlotId=3]: (empty)
}

datapathcell: Name =\PWM_Servo:PWMUDB:sP16:pwmdp:u1\
    PORT MAP (
        clock => Net_17_digital ,
        cs_addr_2 => \PWM_Servo:PWMUDB:tc_i\ ,
        cs_addr_1 => \PWM_Servo:PWMUDB:runmode_enable\ ,
        cl0_comb => \PWM_Servo:PWMUDB:cmp1_less\ ,
        z0_comb => \PWM_Servo:PWMUDB:tc_i\ ,
        f1_blk_stat_comb => \PWM_Servo:PWMUDB:status_3\ ,
        chain_in => \PWM_Servo:PWMUDB:sP16:pwmdp:carry\ );
    Properties:
    {
        a0_init = "00000000"
        a1_init = "00000000"
        ce0_sync = 1
        ce1_sync = 1
        cl0_sync = 1
        cl1_sync = 1
        cmsb_sync = 1
        co_msb_sync = 1
        cy_dpconfig = "0000000001000000000000001100000001000000010000000000000011000000000000001100000000000000110000000000000011000000000000001100000011111111000000001111111111111111101011110000000000000100000011110000000000011000"
        d0_init = "00000000"
        d1_init = "00000000"
        f0_blk_sync = 1
        f0_bus_sync = 1
        f1_blk_sync = 1
        f1_bus_sync = 1
        ff0_sync = 1
        ff1_sync = 1
        ov_msb_sync = 1
        so_sync = 1
        z0_sync = 1
        z1_sync = 1
    }
    Clock Polarity: Active High
    Clock Enable: True
    Previous in chain : \PWM_Servo:PWMUDB:sP16:pwmdp:u0\

statusicell: Name =\PWM_Servo:PWMUDB:genblk8:stsreg\
    PORT MAP (
        clock => Net_17_digital ,
        status_3 => \PWM_Servo:PWMUDB:status_3\ ,
        status_2 => \PWM_Servo:PWMUDB:status_2\ ,
        status_0 => \PWM_Servo:PWMUDB:status_0\ );
    Properties:
    {
        cy_force_order = 1
        cy_int_mask = "1111111"
        cy_md_select = "0100111"
    }
    Clock Polarity: Active High
    Clock Enable: True

controlcell: Name =\PWM_Servo:PWMUDB:genblk1:ctrlreg\
    PORT MAP (
        clock => Net_17_digital ,
        control_7 => \PWM_Servo:PWMUDB:control_7\ ,
        control_6 => \PWM_Servo:PWMUDB:control_6\ ,
        control_5 => \PWM_Servo:PWMUDB:control_5\ ,
        control_4 => \PWM_Servo:PWMUDB:control_4\ ,
        control_3 => \PWM_Servo:PWMUDB:control_3\ ,
        control_2 => \PWM_Servo:PWMUDB:control_2\ ,
        control_1 => \PWM_Servo:PWMUDB:control_1\ ,
        control_0 => \PWM_Servo:PWMUDB:control_0\ );
    Properties:
    {
        cy_ctrl_mode_0 = "11111111"
        cy_ctrl_mode_1 = "00000000"
        cy_ext_reset = 0
        cy_force_order = 1
        cy_init_value = "00000000"
    }
    Clock Polarity: Active High
    Clock Enable: True

UDB [UDB=(0,1)] is empty.
UDB [UDB=(1,0)] contents:
datapathcell: Name =\PWM_Servo:PWMUDB:sP16:pwmdp:u0\
    PORT MAP (
        clock => Net_17_digital ,
        cs_addr_2 => \PWM_Servo:PWMUDB:tc_i\ ,
        cs_addr_1 => \PWM_Servo:PWMUDB:runmode_enable\ ,
        chain_out => \PWM_Servo:PWMUDB:sP16:pwmdp:carry\ );
    Properties:
    {
        a0_init = "00000000"
        a1_init = "00000000"
        ce0_sync = 1
        ce1_sync = 1
        cl0_sync = 1
        cl1_sync = 1
        cmsb_sync = 1
        co_msb_sync = 1
        cy_dpconfig = "0000000001000000000000001100000001000000010000000000000011000000000000001100000000000000110000000000000011000000000000001100000011111111000000001111111111111111101000000000000000000100000000000000000000011000"
        d0_init = "00000000"
        d1_init = "00000000"
        f0_blk_sync = 1
        f0_bus_sync = 1
        f1_blk_sync = 1
        f1_bus_sync = 1
        ff0_sync = 1
        ff1_sync = 1
        ov_msb_sync = 1
        so_sync = 1
        z0_sync = 1
        z1_sync = 1
    }
    Clock Polarity: Active High
    Clock Enable: True
    Next in chain : \PWM_Servo:PWMUDB:sP16:pwmdp:u1\

UDB [UDB=(1,1)] is empty.
Intr container @ [IntrContainer=(0)]: empty
Port 0 contains the following IO cells:
[IoId=3]: 
Pin : Name = Senal_4(0)
    Attributes:
        In Group/Port: True
        In Sync Option: AUTO
        Out Sync Option: NOSYNC
        Interrupt generated: False
        Interrupt mode: NONE
        Drive mode: CMOS_OUT
        VTrip: EITHER
        Slew: FAST
        Input Sync needed: False
        Output Sync needed: False
        SC shield enabled: False
        POR State: ANY
        LCD Mode: COMMON
        Register Mode: RegComb
        CaSense Mode: NEITHER
        Treat as pin: True
        Is OE Registered: False
        Uses Analog: False
        Can contain Digital: True
        Is SIO: False
        SIO Output Buf: NONREGULATED
        SIO Input Buf: SINGLE_ENDED
        SIO HiFreq: LOW
        SIO Hyst: DISABLED
        SIO Vtrip: MULTIPLIER_0_5
        SIO Multiplier Index: 0
        SIO RefSel: VCC_IO
        Required Capabilities: DIGITAL, ROUTABLE
        Initial Value: 1
        IO Voltage: 0
    PORT MAP (
        pa_out => Senal_4(0)__PA ,
        pin_input => Net_27 ,
        pad => Senal_4(0)_PAD );
    Properties:
    {
    }

Port 1 contains the following IO cells:
Port 2 contains the following IO cells:
Port 3 contains the following IO cells:
Port 4 contains the following IO cells:
ARM group 0: empty
Clock group 0: 
    Clock Block @ F(Clock,0): 
    m0s8clockblockcell: Name =ClockBlock
        PORT MAP (
            hfclk => ClockBlock_HFClk ,
            imo => ClockBlock_IMO ,
            ext => ClockBlock_ExtClk ,
            sysclk => ClockBlock_SysClk ,
            ilo => ClockBlock_ILO ,
            lfclk => ClockBlock_LFClk ,
            dsi_in_0 => ClockBlock_Routed1 ,
            udb_div_0 => dclk_to_genclk );
        Properties:
        {
        }
LCD group 0: empty
PICU group 0: empty
LPCOMP group 0: empty
SCB group 0: empty
CSD group 0: empty
CSIDAC8 group 0: empty
CSIDAC7 group 0: empty
TCPWM group 0: empty
OA group 0: empty
TEMP group 0: empty
SARADC group 0: empty
CLK_GEN group 0: 
    M0S8 Clock Gen Block @ F(CLK_GEN,0): 
    m0s8clockgenblockcell: Name =ClockGenBlock
        PORT MAP (
            gen_clk_out_0 => Net_17_digital ,
            gen_clk_in_0 => dclk_to_genclk );
        Properties:
        {
        }
LPCOMPBLOCK group 0: empty
PASSBLOCK group 0: empty
WCO group 0: empty
SRSS group 0: empty
CPUSS group 0: empty
EXCO group 0: empty
</CYPRESSTAG>
<CYPRESSTAG name="Port Configuration Details">

------------------------------------------------------------
Port Configuration report
------------------------------------------------------------
     |     |       | Interrupt |                  |            | 
Port | Pin | Fixed |      Type |       Drive Mode |       Name | Connections
-----+-----+-------+-----------+------------------+------------+------------
   0 |   3 |     * |      NONE |         CMOS_OUT | Senal_4(0) | In(Net_27)
----------------------------------------------------------------------------
</CYPRESSTAG>
</CYPRESSTAG>
</CYPRESSTAG>
Digital component placer commit/Report: Elapsed time ==> 0s.038ms
Digital Placement phase: Elapsed time ==> 2s.578ms
</CYPRESSTAG>
<CYPRESSTAG name="Digital Routing">
"C:\Program Files (x86)\Cypress\PSoC Creator\4.2\PSoC Creator\bin/sjrouter.exe" --xml-path "C:\Program Files (x86)\Cypress\PSoC Creator\4.2\PSoC Creator\dev\psoc4/psoc4a/route_arch-rrg.cydata" --vh2-path "Design01_r.vh2" --pcf-path "Design01.pco" --des-name "Design01" --dsf-path "Design01.dsf" --sdc-path "Design01.sdc" --lib-path "Design01_r.lib"
Routing successful.
Digital Routing phase: Elapsed time ==> 2s.907ms
</CYPRESSTAG>
<CYPRESSTAG name="Bitstream Generation">
Bitstream Generation phase: Elapsed time ==> 1s.173ms
</CYPRESSTAG>
<CYPRESSTAG name="Bitstream Verification">
Bitstream Verification phase: Elapsed time ==> 0s.219ms
</CYPRESSTAG>
<CYPRESSTAG name="Static timing analysis">
Timing report is in Design01_timing.html.
Static timing analysis phase: Elapsed time ==> 1s.054ms
</CYPRESSTAG>
<CYPRESSTAG name="Data reporting">
Data reporting phase: Elapsed time ==> 0s.000ms
</CYPRESSTAG>
<CYPRESSTAG name="Database update...">
Design database save phase: Elapsed time ==> 0s.727ms
</CYPRESSTAG>
cydsfit: Elapsed time ==> 10s.825ms
</CYPRESSTAG>
Fitter phase: Elapsed time ==> 10s.827ms
API generation phase: Elapsed time ==> 3s.852ms
Dependency generation phase: Elapsed time ==> 0s.175ms
Cleanup phase: Elapsed time ==> 0s.156ms
